d:\work\intel\intel_codec\_build\x64\debug\obj\libmfx\main.obj
d:\work\intel\intel_codec\_build\x64\debug\obj\libmfx\mfx_critical_section.obj
d:\work\intel\intel_codec\_build\x64\debug\obj\libmfx\mfx_plugin_cfg_parser.obj
d:\work\intel\intel_codec\_build\x64\debug\obj\libmfx\mfx_critical_section_linux.obj
d:\work\intel\intel_codec\_build\x64\debug\obj\libmfx\mfx_library_iterator_linux.obj
d:\work\intel\intel_codec\_build\x64\debug\obj\libmfx\mfx_load_dll_linux.obj
d:\work\intel\intel_codec\_build\x64\debug\obj\libmfx\mfx_load_plugin.obj
d:\work\intel\intel_codec\_build\x64\debug\obj\libmfx\mfx_dxva2_device.obj
d:\work\intel\intel_codec\_build\x64\debug\obj\libmfx\mfx_plugin_hive.obj
d:\work\intel\intel_codec\_build\x64\debug\obj\libmfx\mfx_function_table.obj
d:\work\intel\intel_codec\_build\x64\debug\obj\libmfx\mfx_win_reg_key.obj
d:\work\intel\intel_codec\_build\x64\debug\obj\libmfx\mfx_dispatcher_log.obj
d:\work\intel\intel_codec\_build\x64\debug\obj\libmfx\mfx_load_dll.obj
d:\work\intel\intel_codec\_build\x64\debug\obj\libmfx\mfx_library_iterator.obj
d:\work\intel\intel_codec\_build\x64\debug\obj\libmfx\mfx_dispatcher.obj
d:\work\intel\intel_codec\_build\x64\debug\obj\libmfx\mfx_plugin_hive_linux.obj
d:\work\intel\intel_codec\_build\x64\debug\obj\libmfx\libmfx.pdb
d:\work\intel\intel_codec\_build\x64\debug\libmfx.lib
d:\work\intel\intel_codec\_build\x64\debug\libmfx.pdb
d:\work\intel\intel_codec\_build\x64\debug\obj\libmfx\libmfx.tlog\cl.10524.write.1.tlog
d:\work\intel\intel_codec\_build\x64\debug\obj\libmfx\libmfx.tlog\cl.command.1.tlog
d:\work\intel\intel_codec\_build\x64\debug\obj\libmfx\libmfx.tlog\cl.read.1.tlog
d:\work\intel\intel_codec\_build\x64\debug\obj\libmfx\libmfx.tlog\lib-link.read.1.tlog
d:\work\intel\intel_codec\_build\x64\debug\obj\libmfx\libmfx.tlog\lib-link.write.1.tlog
d:\work\intel\intel_codec\_build\x64\debug\obj\libmfx\libmfx.tlog\lib.command.1.tlog
