  main.cpp
  mfx_critical_section.cpp
  mfx_critical_section_linux.cpp
  mfx_dispatcher.cpp
  mfx_dispatcher_log.cpp
  mfx_dxva2_device.cpp
  mfx_function_table.cpp
  mfx_library_iterator.cpp
  mfx_library_iterator_linux.cpp
  mfx_load_dll.cpp
  mfx_load_dll_linux.cpp
  mfx_load_plugin.cpp
  ATTENTION:
  in file
  	D:\work\intel\intel_codec\mfx_dispatch\include\mfx_dxva2_device.h (51):
  Using of D3D9 enabled!
  ATTENTION:
  in file
  	D:\work\intel\intel_codec\mfx_dispatch\include\mfx_dxva2_device.h (51):
  Using of D3D9 enabled!
  mfx_plugin_cfg_parser.cpp
  mfx_plugin_hive.cpp
  mfx_plugin_hive_linux.cpp
  mfx_win_reg_key.cpp
  libmfx.vcxproj -> D:\work\intel\intel_codec\_build\x64\Debug\libmfx.lib
