  'git' 不是内部或外部命令，也不是可运行的程序
  或批处理文件。
  Compiling asm...
  Compiling asm...
  api_hook.cpp
  cl_func.cpp
  convert_csp.cpp
  convert_csp_avx.cpp
  convert_csp_avx2.cpp
  convert_csp_sse2.cpp
  convert_csp_sse41.cpp
  convert_csp_ssse3.cpp
  cpu_info.cpp
  DeviceId.cpp
  gpuz_info.cpp
  gpu_info.cpp
  qsv_allocator.cpp
  qsv_allocator_d3d11.cpp
  qsv_allocator_d3d9.cpp
  qsv_allocator_sys.cpp
  qsv_allocator_va.cpp
  qsv_cmd.cpp
  qsv_hw_d3d11.cpp
  qsv_hw_d3d9.cpp
D:\work\intel\intel_codec\QSVPipeline\rgy_caption.h(68,10): fatal error C1083: 无法打开包括文件: “Caption.h”: No such file or directory (编译源文件 cpu_info.cpp)
  qsv_hw_device.cpp
  qsv_hw_va.cpp
D:\work\intel\intel_codec\QSVPipeline\rgy_caption.h(68,10): fatal error C1083: 无法打开包括文件: “Caption.h”: No such file or directory (编译源文件 qsv_allocator.cpp)
  qsv_pipeline.cpp
D:\work\intel\intel_codec\QSVPipeline\rgy_caption.h(68,10): fatal error C1083: 无法打开包括文件: “Caption.h”: No such file or directory (编译源文件 qsv_allocator_d3d11.cpp)
  qsv_control.cpp
  qsv_plugin.cpp
D:\work\intel\intel_codec\QSVPipeline\rgy_caption.h(68,10): fatal error C1083: 无法打开包括文件: “Caption.h”: No such file or directory (编译源文件 qsv_allocator_sys.cpp)
  qsv_prm.cpp
D:\work\intel\intel_codec\QSVPipeline\rgy_caption.h(68,10): fatal error C1083: 无法打开包括文件: “Caption.h”: No such file or directory (编译源文件 qsv_cmd.cpp)
  qsv_query.cpp
  qsv_task.cpp
D:\work\intel\intel_codec\QSVPipeline\rgy_caption.h(68,10): fatal error C1083: 无法打开包括文件: “Caption.h”: No such file or directory (编译源文件 qsv_allocator_d3d9.cpp)
D:\work\intel\intel_codec\QSVPipeline\rgy_caption.h(68,10): fatal error C1083: 无法打开包括文件: “Caption.h”: No such file or directory (编译源文件 qsv_hw_d3d11.cpp)
  qsv_util.cpp
  rgy_avlog.cpp
  rgy_avutil.cpp
  rgy_bitstream.cpp
D:\work\intel\intel_codec\QSVPipeline\rgy_caption.h(68,10): fatal error C1083: 无法打开包括文件: “Caption.h”: No such file or directory (编译源文件 qsv_hw_d3d9.cpp)
  rgy_caption.cpp
D:\work\intel\intel_codec\QSVPipeline\rgy_caption.h(68,10): fatal error C1083: 无法打开包括文件: “Caption.h”: No such file or directory (编译源文件 qsv_pipeline.cpp)
  rgy_event.cpp
  rgy_ini.cpp
  rgy_input.cpp
D:\work\intel\intel_codec\QSVPipeline\rgy_caption.h(68,10): fatal error C1083: 无法打开包括文件: “Caption.h”: No such file or directory (编译源文件 qsv_control.cpp)
  rgy_input_avcodec.cpp
D:\work\intel\intel_codec\QSVPipeline\rgy_caption.h(68,10): fatal error C1083: 无法打开包括文件: “Caption.h”: No such file or directory (编译源文件 qsv_prm.cpp)
  rgy_input_avi.cpp
D:\work\intel\intel_codec\QSVPipeline\rgy_caption.h(68,10): fatal error C1083: 无法打开包括文件: “Caption.h”: No such file or directory (编译源文件 qsv_task.cpp)
  rgy_input_avs.cpp
D:\work\intel\intel_codec\QSVPipeline\rgy_caption.h(68,10): fatal error C1083: 无法打开包括文件: “Caption.h”: No such file or directory (编译源文件 qsv_util.cpp)
  rgy_input_raw.cpp
  rgy_input_vpy.cpp
D:\work\intel\intel_codec\QSVPipeline\rgy_caption.h(68,10): fatal error C1083: 无法打开包括文件: “Caption.h”: No such file or directory (编译源文件 qsv_query.cpp)
  rgy_log.cpp
D:\work\intel\intel_codec\QSVPipeline\rgy_caption.h(68,10): fatal error C1083: 无法打开包括文件: “Caption.h”: No such file or directory (编译源文件 rgy_caption.cpp)
  rgy_output.cpp
D:\work\intel\intel_codec\QSVPipeline\rgy_caption.h(68,10): fatal error C1083: 无法打开包括文件: “Caption.h”: No such file or directory (编译源文件 rgy_input.cpp)
  rgy_output_avcodec.cpp
D:\work\intel\intel_codec\QSVPipeline\rgy_caption.h(68,10): fatal error C1083: 无法打开包括文件: “Caption.h”: No such file or directory (编译源文件 rgy_input_avcodec.cpp)
  rgy_perf_monitor.cpp
D:\work\intel\intel_codec\QSVPipeline\rgy_caption.h(68,10): fatal error C1083: 无法打开包括文件: “Caption.h”: No such file or directory (编译源文件 rgy_input_avi.cpp)
  rgy_pipe.cpp
D:\work\intel\intel_codec\QSVPipeline\rgy_caption.h(68,10): fatal error C1083: 无法打开包括文件: “Caption.h”: No such file or directory (编译源文件 rgy_input_avs.cpp)
  rgy_simd.cpp
D:\work\intel\intel_codec\QSVPipeline\rgy_caption.h(68,10): fatal error C1083: 无法打开包括文件: “Caption.h”: No such file or directory (编译源文件 rgy_input_raw.cpp)
  rgy_util.cpp
  ram_speed.cpp
D:\work\intel\intel_codec\QSVPipeline\rgy_caption.h(68,10): fatal error C1083: 无法打开包括文件: “Caption.h”: No such file or directory (编译源文件 rgy_input_vpy.cpp)
  rgy_err.cpp
D:\work\intel\intel_codec\QSVPipeline\rgy_caption.h(68,10): fatal error C1083: 无法打开包括文件: “Caption.h”: No such file or directory (编译源文件 rgy_output_avcodec.cpp)
  rgy_version.cpp
D:\work\intel\intel_codec\QSVPipeline\rgy_caption.h(68,10): fatal error C1083: 无法打开包括文件: “Caption.h”: No such file or directory (编译源文件 rgy_output.cpp)
D:\work\intel\intel_codec\QSVPipeline\rgy_util.cpp(147): warning C4702: 无法访问的代码
