  QSVEncC.cpp
D:\work\intel\intel_codec\QSVEncC\QSVEncC.cpp(569,14): warning C4189: “codepage”: 局部变量已初始化但不引用
D:\work\intel\intel_codec\QSVEncC\QSVEncC.cpp(807,47): warning C4244: “=”: 从“const _Ty1”转换到“mfxU16”，可能丢失数据
D:\work\intel\intel_codec\QSVEncC\QSVEncC.cpp(807,47): warning C4244:         with
D:\work\intel\intel_codec\QSVEncC\QSVEncC.cpp(807,47): warning C4244:         [
D:\work\intel\intel_codec\QSVEncC\QSVEncC.cpp(807,47): warning C4244:             _Ty1=int
D:\work\intel\intel_codec\QSVEncC\QSVEncC.cpp(807,47): warning C4244:         ]
D:\work\intel\intel_codec\QSVEncC\QSVEncC.cpp(808,48): warning C4244: “=”: 从“const _Ty2”转换到“mfxU16”，可能丢失数据
D:\work\intel\intel_codec\QSVEncC\QSVEncC.cpp(808,48): warning C4244:         with
D:\work\intel\intel_codec\QSVEncC\QSVEncC.cpp(808,48): warning C4244:         [
D:\work\intel\intel_codec\QSVEncC\QSVEncC.cpp(808,48): warning C4244:             _Ty2=int
D:\work\intel\intel_codec\QSVEncC\QSVEncC.cpp(808,48): warning C4244:         ]
D:\work\intel\intel_codec\QSVEncC\QSVEncC.cpp(907,54): warning C4244: “=”: 从“int”转换到“mfxU16”，可能丢失数据
D:\work\intel\intel_codec\QSVEncC\QSVEncC.cpp(910,43): warning C4244: “=”: 从“const _Ty1”转换到“mfxU16”，可能丢失数据
D:\work\intel\intel_codec\QSVEncC\QSVEncC.cpp(910,43): warning C4244:         with
D:\work\intel\intel_codec\QSVEncC\QSVEncC.cpp(910,43): warning C4244:         [
D:\work\intel\intel_codec\QSVEncC\QSVEncC.cpp(910,43): warning C4244:             _Ty1=int
D:\work\intel\intel_codec\QSVEncC\QSVEncC.cpp(910,43): warning C4244:         ]
D:\work\intel\intel_codec\QSVEncC\QSVEncC.cpp(911,44): warning C4244: “=”: 从“const _Ty2”转换到“mfxU16”，可能丢失数据
D:\work\intel\intel_codec\QSVEncC\QSVEncC.cpp(911,44): warning C4244:         with
D:\work\intel\intel_codec\QSVEncC\QSVEncC.cpp(911,44): warning C4244:         [
D:\work\intel\intel_codec\QSVEncC\QSVEncC.cpp(911,44): warning C4244:             _Ty2=int
D:\work\intel\intel_codec\QSVEncC\QSVEncC.cpp(911,44): warning C4244:         ]
LINK : warning LNK4199: 已忽略 /DELAYLOAD:avcodec-58.dll；未找到来自 avcodec-58.dll 的导入
LINK : warning LNK4199: 已忽略 /DELAYLOAD:avformat-58.dll；未找到来自 avformat-58.dll 的导入
LINK : warning LNK4199: 已忽略 /DELAYLOAD:avutil-56.dll；未找到来自 avutil-56.dll 的导入
LINK : warning LNK4199: 已忽略 /DELAYLOAD:avfilter-7.dll；未找到来自 avfilter-7.dll 的导入
LINK : warning LNK4199: 已忽略 /DELAYLOAD:swresample-3.dll；未找到来自 swresample-3.dll 的导入
QSVPipeline.lib(qsv_pipeline.obj) : error LNK2019: 无法解析的外部符号 "__int64 __cdecl rational_rescale(__int64,class rgy_rational<int>,class rgy_rational<int>)" (?rational_rescale@@YA_J_JV?$rgy_rational@H@@1@Z)，该符号在函数 "public: virtual enum mfxStatus __cdecl CQSVPipeline::RunEncode(void)" (?RunEncode@CQSVPipeline@@UEAA?AW4mfxStatus@@XZ) 中被引用
D:\work\intel\intel_codec\_build\x64\Debug\QSVEncC64.exe : fatal error LNK1120: 1 个无法解析的外部命令
