d:\work\intel\intel_codec\_build\x64\debug\obj\qsvpipeline\convert_csp_sse2.obj
d:\work\intel\intel_codec\_build\x64\debug\obj\qsvpipeline\convert_csp_sse2.cod
d:\work\intel\intel_codec\_build\x64\debug\obj\qsvpipeline\qsv_allocator.obj
d:\work\intel\intel_codec\_build\x64\debug\obj\qsvpipeline\qsv_allocator.cod
d:\work\intel\intel_codec\_build\x64\debug\obj\qsvpipeline\qsv_hw_device.obj
d:\work\intel\intel_codec\_build\x64\debug\obj\qsvpipeline\qsv_hw_device.cod
d:\work\intel\intel_codec\_build\x64\debug\obj\qsvpipeline\qsv_hw_va.obj
d:\work\intel\intel_codec\_build\x64\debug\obj\qsvpipeline\qsv_hw_va.cod
d:\work\intel\intel_codec\_build\x64\debug\obj\qsvpipeline\qsv_task.obj
d:\work\intel\intel_codec\_build\x64\debug\obj\qsvpipeline\qsv_task.cod
d:\work\intel\intel_codec\_build\x64\debug\obj\qsvpipeline\rgy_perf_monitor.obj
d:\work\intel\intel_codec\_build\x64\debug\obj\qsvpipeline\rgy_perf_monitor.cod
d:\work\intel\intel_codec\_build\x64\debug\obj\qsvpipeline\convert_csp_sse41.obj
d:\work\intel\intel_codec\_build\x64\debug\obj\qsvpipeline\convert_csp_sse41.cod
d:\work\intel\intel_codec\_build\x64\debug\obj\qsvpipeline\gpuz_info.obj
d:\work\intel\intel_codec\_build\x64\debug\obj\qsvpipeline\gpuz_info.cod
d:\work\intel\intel_codec\_build\x64\debug\obj\qsvpipeline\qsv_allocator_va.obj
d:\work\intel\intel_codec\_build\x64\debug\obj\qsvpipeline\qsv_allocator_va.cod
d:\work\intel\intel_codec\_build\x64\debug\obj\qsvpipeline\qsv_cmd.obj
d:\work\intel\intel_codec\_build\x64\debug\obj\qsvpipeline\qsv_cmd.cod
d:\work\intel\intel_codec\_build\x64\debug\obj\qsvpipeline\rgy_input_raw.obj
d:\work\intel\intel_codec\_build\x64\debug\obj\qsvpipeline\rgy_input_raw.cod
d:\work\intel\intel_codec\_build\x64\debug\obj\qsvpipeline\rgy_simd.obj
d:\work\intel\intel_codec\_build\x64\debug\obj\qsvpipeline\rgy_simd.cod
d:\work\intel\intel_codec\_build\x64\debug\obj\qsvpipeline\rgy_version.obj
d:\work\intel\intel_codec\_build\x64\debug\obj\qsvpipeline\rgy_version.cod
d:\work\intel\intel_codec\_build\x64\debug\obj\qsvpipeline\cl_func.obj
d:\work\intel\intel_codec\_build\x64\debug\obj\qsvpipeline\cl_func.cod
d:\work\intel\intel_codec\_build\x64\debug\obj\qsvpipeline\qsv_allocator_d3d11.obj
d:\work\intel\intel_codec\_build\x64\debug\obj\qsvpipeline\qsv_allocator_d3d11.cod
d:\work\intel\intel_codec\_build\x64\debug\obj\qsvpipeline\qsv_prm.obj
d:\work\intel\intel_codec\_build\x64\debug\obj\qsvpipeline\qsv_prm.cod
d:\work\intel\intel_codec\_build\x64\debug\obj\qsvpipeline\rgy_log.obj
d:\work\intel\intel_codec\_build\x64\debug\obj\qsvpipeline\rgy_log.cod
d:\work\intel\intel_codec\_build\x64\debug\obj\qsvpipeline\ram_speed.obj
d:\work\intel\intel_codec\_build\x64\debug\obj\qsvpipeline\ram_speed.cod
d:\work\intel\intel_codec\_build\x64\debug\obj\qsvpipeline\convert_csp_avx2.obj
d:\work\intel\intel_codec\_build\x64\debug\obj\qsvpipeline\convert_csp_avx2.cod
d:\work\intel\intel_codec\_build\x64\debug\obj\qsvpipeline\gpu_info.obj
d:\work\intel\intel_codec\_build\x64\debug\obj\qsvpipeline\gpu_info.cod
d:\work\intel\intel_codec\_build\x64\debug\obj\qsvpipeline\qsv_pipeline.obj
d:\work\intel\intel_codec\_build\x64\debug\obj\qsvpipeline\qsv_pipeline.cod
d:\work\intel\intel_codec\_build\x64\debug\obj\qsvpipeline\rgy_err.obj
d:\work\intel\intel_codec\_build\x64\debug\obj\qsvpipeline\rgy_err.cod
d:\work\intel\intel_codec\_build\x64\debug\obj\qsvpipeline\convert_csp.obj
d:\work\intel\intel_codec\_build\x64\debug\obj\qsvpipeline\convert_csp.cod
d:\work\intel\intel_codec\_build\x64\debug\obj\qsvpipeline\qsv_allocator_d3d9.obj
d:\work\intel\intel_codec\_build\x64\debug\obj\qsvpipeline\qsv_allocator_d3d9.cod
d:\work\intel\intel_codec\_build\x64\debug\obj\qsvpipeline\qsv_plugin.obj
d:\work\intel\intel_codec\_build\x64\debug\obj\qsvpipeline\qsv_plugin.cod
d:\work\intel\intel_codec\_build\x64\debug\obj\qsvpipeline\qsv_query.obj
d:\work\intel\intel_codec\_build\x64\debug\obj\qsvpipeline\qsv_query.cod
d:\work\intel\intel_codec\_build\x64\debug\obj\qsvpipeline\convert_csp_ssse3.obj
d:\work\intel\intel_codec\_build\x64\debug\obj\qsvpipeline\convert_csp_ssse3.cod
d:\work\intel\intel_codec\_build\x64\debug\obj\qsvpipeline\deviceid.obj
d:\work\intel\intel_codec\_build\x64\debug\obj\qsvpipeline\deviceid.cod
d:\work\intel\intel_codec\_build\x64\debug\obj\qsvpipeline\qsv_hw_d3d11.obj
d:\work\intel\intel_codec\_build\x64\debug\obj\qsvpipeline\qsv_hw_d3d11.cod
d:\work\intel\intel_codec\_build\x64\debug\obj\qsvpipeline\rgy_bitstream.obj
d:\work\intel\intel_codec\_build\x64\debug\obj\qsvpipeline\rgy_bitstream.cod
d:\work\intel\intel_codec\_build\x64\debug\obj\qsvpipeline\rgy_pipe.obj
d:\work\intel\intel_codec\_build\x64\debug\obj\qsvpipeline\rgy_pipe.cod
d:\work\intel\intel_codec\_build\x64\debug\obj\qsvpipeline\api_hook.obj
d:\work\intel\intel_codec\_build\x64\debug\obj\qsvpipeline\api_hook.cod
d:\work\intel\intel_codec\_build\x64\debug\obj\qsvpipeline\qsv_allocator_sys.obj
d:\work\intel\intel_codec\_build\x64\debug\obj\qsvpipeline\qsv_allocator_sys.cod
d:\work\intel\intel_codec\_build\x64\debug\obj\qsvpipeline\qsv_control.obj
d:\work\intel\intel_codec\_build\x64\debug\obj\qsvpipeline\qsv_control.cod
d:\work\intel\intel_codec\_build\x64\debug\obj\qsvpipeline\rgy_event.obj
d:\work\intel\intel_codec\_build\x64\debug\obj\qsvpipeline\rgy_event.cod
d:\work\intel\intel_codec\_build\x64\debug\obj\qsvpipeline\rgy_ini.obj
d:\work\intel\intel_codec\_build\x64\debug\obj\qsvpipeline\rgy_ini.cod
d:\work\intel\intel_codec\_build\x64\debug\obj\qsvpipeline\rgy_input.obj
d:\work\intel\intel_codec\_build\x64\debug\obj\qsvpipeline\rgy_input.cod
d:\work\intel\intel_codec\_build\x64\debug\obj\qsvpipeline\rgy_util.obj
d:\work\intel\intel_codec\_build\x64\debug\obj\qsvpipeline\rgy_util.cod
d:\work\intel\intel_codec\_build\x64\debug\obj\qsvpipeline\convert_csp_avx.obj
d:\work\intel\intel_codec\_build\x64\debug\obj\qsvpipeline\convert_csp_avx.cod
d:\work\intel\intel_codec\_build\x64\debug\obj\qsvpipeline\cpu_info.obj
d:\work\intel\intel_codec\_build\x64\debug\obj\qsvpipeline\cpu_info.cod
d:\work\intel\intel_codec\_build\x64\debug\obj\qsvpipeline\qsv_hw_d3d9.obj
d:\work\intel\intel_codec\_build\x64\debug\obj\qsvpipeline\qsv_hw_d3d9.cod
d:\work\intel\intel_codec\_build\x64\debug\obj\qsvpipeline\qsv_util.obj
d:\work\intel\intel_codec\_build\x64\debug\obj\qsvpipeline\qsv_util.cod
d:\work\intel\intel_codec\_build\x64\debug\obj\qsvpipeline\rgy_output.obj
d:\work\intel\intel_codec\_build\x64\debug\obj\qsvpipeline\rgy_output.cod
d:\work\intel\intel_codec\_build\x64\debug\obj\qsvpipeline\qsvpipeline.pdb
d:\work\intel\intel_codec\_build\x64\debug\obj\qsvpipeline\ram_speed_x64.asm.obj
d:\work\intel\intel_codec\_build\x64\debug\obj\qsvpipeline\cpu_info_x64.asm.obj
d:\work\intel\intel_codec\_build\x64\debug\qsvpipeline.lib
d:\work\intel\intel_codec\_build\x64\debug\qsvpipeline.pdb
d:\work\intel\intel_codec\_build\x64\debug\obj\qsvpipeline\qsvpipeline.tlog\cl.10424.write.1.tlog
d:\work\intel\intel_codec\_build\x64\debug\obj\qsvpipeline\qsvpipeline.tlog\cl.command.1.tlog
d:\work\intel\intel_codec\_build\x64\debug\obj\qsvpipeline\qsvpipeline.tlog\cl.read.1.tlog
d:\work\intel\intel_codec\_build\x64\debug\obj\qsvpipeline\qsvpipeline.tlog\custombuild.command.1.tlog
d:\work\intel\intel_codec\_build\x64\debug\obj\qsvpipeline\qsvpipeline.tlog\custombuild.read.1.tlog
d:\work\intel\intel_codec\_build\x64\debug\obj\qsvpipeline\qsvpipeline.tlog\custombuild.write.1.tlog
d:\work\intel\intel_codec\_build\x64\debug\obj\qsvpipeline\qsvpipeline.tlog\lib-link.read.1.tlog
d:\work\intel\intel_codec\_build\x64\debug\obj\qsvpipeline\qsvpipeline.tlog\lib-link.write.1.tlog
d:\work\intel\intel_codec\_build\x64\debug\obj\qsvpipeline\qsvpipeline.tlog\lib.command.1.tlog
