  auo_audio_parallel.cpp
  auo_convert.cpp
  auo_faw2aac.cpp
  convert_avx.cpp
  convert_avx2.cpp
  convert_sse2.cpp
  convert_sse41.cpp
  convert_ssse3.cpp
  exe_version.cpp
  auo_conf_convert.cpp
  QSVEnc.cpp
  auo_audio.cpp
  auo_chapter.cpp
  auo_encode.cpp
D:\work\intel\intel_codec\QSVPipeline\rgy_caption.h(68,10): fatal error C1083: 无法打开包括文件: “Caption.h”: No such file or directory (编译源文件 encode\auo_audio_parallel.cpp)
  auo_mux.cpp
D:\work\intel\intel_codec\QSVPipeline\rgy_caption.h(68,10): fatal error C1083: 无法打开包括文件: “Caption.h”: No such file or directory (编译源文件 encode\auo_convert.cpp)
  auo_pipe.cpp
D:\work\intel\intel_codec\QSVPipeline\rgy_caption.h(68,10): fatal error C1083: 无法打开包括文件: “Caption.h”: No such file or directory (编译源文件 encode\auo_faw2aac.cpp)
  auo_runbat.cpp
D:\work\intel\intel_codec\QSVPipeline\rgy_caption.h(68,10): fatal error C1083: 无法打开包括文件: “Caption.h”: No such file or directory (编译源文件 prm\auo_conf_convert.cpp)
  auo_video.cpp
D:\work\intel\intel_codec\QSVPipeline\rgy_caption.h(68,10): fatal error C1083: 无法打开包括文件: “Caption.h”: No such file or directory (编译源文件 encode\exe_version.cpp)
  convert.cpp
D:\work\intel\intel_codec\QSVPipeline\rgy_caption.h(68,10): fatal error C1083: 无法打开包括文件: “Caption.h”: No such file or directory (编译源文件 encode\auo_audio.cpp)
  fawcheck.cpp
D:\work\intel\intel_codec\QSVPipeline\rgy_caption.h(68,10): fatal error C1083: 无法打开包括文件: “Caption.h”: No such file or directory (编译源文件 QSVEnc.cpp)
  auo_conf.cpp
D:\work\intel\intel_codec\QSVPipeline\rgy_caption.h(68,10): fatal error C1083: 无法打开包括文件: “Caption.h”: No such file or directory (编译源文件 encode\auo_chapter.cpp)
  auo_settings.cpp
D:\work\intel\intel_codec\QSVPipeline\rgy_caption.h(68,10): fatal error C1083: 无法打开包括文件: “Caption.h”: No such file or directory (编译源文件 encode\auo_mux.cpp)
  auo_util.cpp
  auo_error.cpp
D:\work\intel\intel_codec\QSVPipeline\rgy_caption.h(68,10): fatal error C1083: 无法打开包括文件: “Caption.h”: No such file or directory (编译源文件 encode\auo_encode.cpp)
  auo_frm.cpp
D:\work\intel\intel_codec\QSVPipeline\rgy_caption.h(68,10): fatal error C1083: 无法打开包括文件: “Caption.h”: No such file or directory (编译源文件 encode\auo_pipe.cpp)
D:\work\intel\intel_codec\QSVPipeline\rgy_caption.h(68,10): fatal error C1083: 无法打开包括文件: “Caption.h”: No such file or directory (编译源文件 encode\auo_runbat.cpp)
D:\work\intel\intel_codec\QSVPipeline\rgy_caption.h(68,10): fatal error C1083: 无法打开包括文件: “Caption.h”: No such file or directory (编译源文件 encode\auo_video.cpp)
D:\work\intel\intel_codec\QSVPipeline\rgy_caption.h(68,10): fatal error C1083: 无法打开包括文件: “Caption.h”: No such file or directory (编译源文件 encode\fawcheck.cpp)
D:\work\intel\intel_codec\QSVPipeline\rgy_caption.h(68,10): fatal error C1083: 无法打开包括文件: “Caption.h”: No such file or directory (编译源文件 prm\auo_conf.cpp)
D:\work\intel\intel_codec\QSVPipeline\rgy_caption.h(68,10): fatal error C1083: 无法打开包括文件: “Caption.h”: No such file or directory (编译源文件 prm\auo_settings.cpp)
D:\work\intel\intel_codec\QSVPipeline\rgy_caption.h(68,10): fatal error C1083: 无法打开包括文件: “Caption.h”: No such file or directory (编译源文件 prm\auo_util.cpp)
D:\work\intel\intel_codec\QSVPipeline\rgy_caption.h(68,10): fatal error C1083: 无法打开包括文件: “Caption.h”: No such file or directory (编译源文件 frm\auo_error.cpp)
D:\work\intel\intel_codec\QSVPipeline\rgy_caption.h(68,10): fatal error C1083: 无法打开包括文件: “Caption.h”: No such file or directory (编译源文件 frm\auo_frm.cpp)
